Arguments: 
  C:\Program Files\nodejs\node.exe C:\Program Files (x86)\Yarn\bin\yarn.js upgrade

PATH: 
  C:\Windows\system32;C:\Windows;C:\Windows\System32\Wbem;C:\Windows\System32\WindowsPowerShell\v1.0\;C:\Windows\System32\OpenSSH\;C:\Program Files (x86)\Yarn\bin\;C:\Program Files\nodejs\;C:\Program Files\Git\cmd;C:\xampp\php;C:\ProgramData\ComposerSetup\bin;C:\Users\Mario\AppData\Local\Microsoft\WindowsApps;C:\Users\Mario\AppData\Local\Yarn\bin;C:\Users\Mario\AppData\Local\Programs\Microsoft VS Code\bin;C:\Users\Mario\AppData\Roaming\npm;C:\Users\Mario\AppData\Roaming\Composer\vendor\bin

Yarn version: 
  1.17.3

Node version: 
  12.7.0

Platform: 
  win32 x64

Trace: 
  SyntaxError: C:\Users\Mario\Desktop\frontend-kit\package.json: Unexpected token } in JSON at position 1305
      at JSON.parse (<anonymous>)
      at C:\Program Files (x86)\Yarn\lib\cli.js:1625:59
      at Generator.next (<anonymous>)
      at step (C:\Program Files (x86)\Yarn\lib\cli.js:304:30)
      at C:\Program Files (x86)\Yarn\lib\cli.js:315:13

npm manifest: 
  {
    "name": "frontend-kit",
    "version": "1.0.0",
    "description": "Built HTML CSS faster",
    "main": "index.js",
    "repository": "https://github.com/mariohandsome/frontend-kit.git",
    "author": "Tran Duy Thien (www.tranduythien.net) <duythientran1998@gmail.com>",
    "license": "MIT",
    "scripts": {
      "start": "webpack-dev-server --config ./core/webpack.dev.js --watch --progress --open",
      "build": "webpack --config ./core/webpack.prod.js -p --progress"
    },
    "devDependencies": {
      "clean-webpack-plugin": "^1.0.1",
      "copy-webpack-plugin": "^4.6.0",
      "css-loader": "^2.1.0",
      "file-loader": "^3.0.1",
      "html-webpack-plugin": "^3.2.0",
      "mini-css-extract-plugin": "^0.5.0",
      "node-sass": "^4.11.0",
      "pug": "^2.0.3",
      "pug-loader": "^2.4.0",
      "sass-loader": "^7.1.0",
      "style-loader": "^0.23.1",
      "webpack": "^4.29.0",
      "webpack-cli": "^3.2.1",
      "webpack-dev-server": "^3.1.14",
      "webpack-merge": "^4.2.1",
      "webpack-notifier": "^1.7.0"
    },
    "dependencies": {
      "@fancyapps/fancybox": "^3.5.7",
      "@fortawesome/fontawesome-free": "^5.7.1",
      "bootstrap": "^4.2.1",
      "isotope-layout": "^3.0.6",
      "jquery": "^3.3.1",
      "jquery-bridget": "^2.0.1",
      "jquery-ui": "^1.12.1",
      "owl.carousel2": "^2.2.1",
      "popper.js": "^1.14.7",
    }
  }

yarn manifest: 
  No manifest

Lockfile: 
  No lockfile
